CRITICAL - 2022-06-20 08:06:31 --> mail(): Failed to connect to mailserver at &quot;localhost&quot; port 25, verify your &quot;SMTP&quot; and &quot;smtp_port&quot; setting in php.ini or use ini_set()
#0 [internal function]: CodeIgniter\Debug\Exceptions->errorHandler(2, 'mail(): Failed ...', 'C:\\xampp\\htdocs...', 48)
#1 C:\xampp\htdocs\konoha_ci4\app\Views\pages\contact.php(48): mail('yogabramasta010...', 'Pesan website d...', '<h2> via Form K...', 'MIME-Version: 1...')
#2 C:\xampp\htdocs\konoha_ci4\system\View\View.php(210): include('C:\\xampp\\htdocs...')
#3 C:\xampp\htdocs\konoha_ci4\system\View\View.php(213): CodeIgniter\View\View->CodeIgniter\View\{closure}()
#4 C:\xampp\htdocs\konoha_ci4\system\Common.php(1089): CodeIgniter\View\View->render('pages/contact', Array, true)
#5 C:\xampp\htdocs\konoha_ci4\app\Controllers\pages.php(22): view('pages/contact', Array)
#6 C:\xampp\htdocs\konoha_ci4\system\CodeIgniter.php(825): App\Controllers\pages->contact()
#7 C:\xampp\htdocs\konoha_ci4\system\CodeIgniter.php(412): CodeIgniter\CodeIgniter->runController(Object(App\Controllers\pages))
#8 C:\xampp\htdocs\konoha_ci4\system\CodeIgniter.php(320): CodeIgniter\CodeIgniter->handleRequest(NULL, Object(Config\Cache), false)
#9 C:\xampp\htdocs\konoha_ci4\public\index.php(37): CodeIgniter\CodeIgniter->run()
#10 C:\xampp\htdocs\konoha_ci4\system\Commands\Server\rewrite.php(43): require_once('C:\\xampp\\htdocs...')
#11 {main}
CRITICAL - 2022-06-20 08:07:40 --> mail(): Failed to connect to mailserver at &quot;localhost&quot; port 25, verify your &quot;SMTP&quot; and &quot;smtp_port&quot; setting in php.ini or use ini_set()
#0 [internal function]: CodeIgniter\Debug\Exceptions->errorHandler(2, 'mail(): Failed ...', 'C:\\xampp\\htdocs...', 48)
#1 C:\xampp\htdocs\konoha_ci4\app\Views\pages\contact.php(48): mail('naya03849@gmail...', 'Pesan website d...', '<h2> via Form K...', 'MIME-Version: 1...')
#2 C:\xampp\htdocs\konoha_ci4\system\View\View.php(210): include('C:\\xampp\\htdocs...')
#3 C:\xampp\htdocs\konoha_ci4\system\View\View.php(213): CodeIgniter\View\View->CodeIgniter\View\{closure}()
#4 C:\xampp\htdocs\konoha_ci4\system\Common.php(1089): CodeIgniter\View\View->render('pages/contact', Array, true)
#5 C:\xampp\htdocs\konoha_ci4\app\Controllers\pages.php(22): view('pages/contact', Array)
#6 C:\xampp\htdocs\konoha_ci4\system\CodeIgniter.php(825): App\Controllers\pages->contact()
#7 C:\xampp\htdocs\konoha_ci4\system\CodeIgniter.php(412): CodeIgniter\CodeIgniter->runController(Object(App\Controllers\pages))
#8 C:\xampp\htdocs\konoha_ci4\system\CodeIgniter.php(320): CodeIgniter\CodeIgniter->handleRequest(NULL, Object(Config\Cache), false)
#9 C:\xampp\htdocs\konoha_ci4\public\index.php(37): CodeIgniter\CodeIgniter->run()
#10 C:\xampp\htdocs\konoha_ci4\system\Commands\Server\rewrite.php(43): require_once('C:\\xampp\\htdocs...')
#11 {main}
CRITICAL - 2022-06-20 08:07:46 --> mail(): Failed to connect to mailserver at &quot;localhost&quot; port 25, verify your &quot;SMTP&quot; and &quot;smtp_port&quot; setting in php.ini or use ini_set()
#0 [internal function]: CodeIgniter\Debug\Exceptions->errorHandler(2, 'mail(): Failed ...', 'C:\\xampp\\htdocs...', 48)
#1 C:\xampp\htdocs\konoha_ci4\app\Views\pages\contact.php(48): mail('naya03849@gmail...', 'Pesan website d...', '<h2> via Form K...', 'MIME-Version: 1...')
#2 C:\xampp\htdocs\konoha_ci4\system\View\View.php(210): include('C:\\xampp\\htdocs...')
#3 C:\xampp\htdocs\konoha_ci4\system\View\View.php(213): CodeIgniter\View\View->CodeIgniter\View\{closure}()
#4 C:\xampp\htdocs\konoha_ci4\system\Common.php(1089): CodeIgniter\View\View->render('pages/contact', Array, true)
#5 C:\xampp\htdocs\konoha_ci4\app\Controllers\pages.php(22): view('pages/contact', Array)
#6 C:\xampp\htdocs\konoha_ci4\system\CodeIgniter.php(825): App\Controllers\pages->contact()
#7 C:\xampp\htdocs\konoha_ci4\system\CodeIgniter.php(412): CodeIgniter\CodeIgniter->runController(Object(App\Controllers\pages))
#8 C:\xampp\htdocs\konoha_ci4\system\CodeIgniter.php(320): CodeIgniter\CodeIgniter->handleRequest(NULL, Object(Config\Cache), false)
#9 C:\xampp\htdocs\konoha_ci4\public\index.php(37): CodeIgniter\CodeIgniter->run()
#10 C:\xampp\htdocs\konoha_ci4\system\Commands\Server\rewrite.php(43): require_once('C:\\xampp\\htdocs...')
#11 {main}
CRITICAL - 2022-06-20 08:25:55 --> Call to undefined function form_open()
#0 C:\xampp\htdocs\konoha_ci4\system\View\View.php(210): include()
#1 C:\xampp\htdocs\konoha_ci4\system\View\View.php(213): CodeIgniter\View\View->CodeIgniter\View\{closure}()
#2 C:\xampp\htdocs\konoha_ci4\system\Common.php(1089): CodeIgniter\View\View->render('pages/contact', Array, true)
#3 C:\xampp\htdocs\konoha_ci4\app\Controllers\pages.php(22): view('pages/contact', Array)
#4 C:\xampp\htdocs\konoha_ci4\system\CodeIgniter.php(825): App\Controllers\pages->contact()
#5 C:\xampp\htdocs\konoha_ci4\system\CodeIgniter.php(412): CodeIgniter\CodeIgniter->runController(Object(App\Controllers\pages))
#6 C:\xampp\htdocs\konoha_ci4\system\CodeIgniter.php(320): CodeIgniter\CodeIgniter->handleRequest(NULL, Object(Config\Cache), false)
#7 C:\xampp\htdocs\konoha_ci4\public\index.php(37): CodeIgniter\CodeIgniter->run()
#8 C:\xampp\htdocs\konoha_ci4\system\Commands\Server\rewrite.php(43): require_once('C:\\xampp\\htdocs...')
#9 {main}
CRITICAL - 2022-06-20 08:25:57 --> Call to undefined function form_open()
#0 C:\xampp\htdocs\konoha_ci4\system\View\View.php(210): include()
#1 C:\xampp\htdocs\konoha_ci4\system\View\View.php(213): CodeIgniter\View\View->CodeIgniter\View\{closure}()
#2 C:\xampp\htdocs\konoha_ci4\system\Common.php(1089): CodeIgniter\View\View->render('pages/contact', Array, true)
#3 C:\xampp\htdocs\konoha_ci4\app\Controllers\pages.php(22): view('pages/contact', Array)
#4 C:\xampp\htdocs\konoha_ci4\system\CodeIgniter.php(825): App\Controllers\pages->contact()
#5 C:\xampp\htdocs\konoha_ci4\system\CodeIgniter.php(412): CodeIgniter\CodeIgniter->runController(Object(App\Controllers\pages))
#6 C:\xampp\htdocs\konoha_ci4\system\CodeIgniter.php(320): CodeIgniter\CodeIgniter->handleRequest(NULL, Object(Config\Cache), false)
#7 C:\xampp\htdocs\konoha_ci4\public\index.php(37): CodeIgniter\CodeIgniter->run()
#8 C:\xampp\htdocs\konoha_ci4\system\Commands\Server\rewrite.php(43): require_once('C:\\xampp\\htdocs...')
#9 {main}
CRITICAL - 2022-06-20 08:26:01 --> Call to undefined function form_open()
#0 C:\xampp\htdocs\konoha_ci4\system\View\View.php(210): include()
#1 C:\xampp\htdocs\konoha_ci4\system\View\View.php(213): CodeIgniter\View\View->CodeIgniter\View\{closure}()
#2 C:\xampp\htdocs\konoha_ci4\system\Common.php(1089): CodeIgniter\View\View->render('pages/contact', Array, true)
#3 C:\xampp\htdocs\konoha_ci4\app\Controllers\pages.php(22): view('pages/contact', Array)
#4 C:\xampp\htdocs\konoha_ci4\system\CodeIgniter.php(825): App\Controllers\pages->contact()
#5 C:\xampp\htdocs\konoha_ci4\system\CodeIgniter.php(412): CodeIgniter\CodeIgniter->runController(Object(App\Controllers\pages))
#6 C:\xampp\htdocs\konoha_ci4\system\CodeIgniter.php(320): CodeIgniter\CodeIgniter->handleRequest(NULL, Object(Config\Cache), false)
#7 C:\xampp\htdocs\konoha_ci4\public\index.php(37): CodeIgniter\CodeIgniter->run()
#8 C:\xampp\htdocs\konoha_ci4\system\Commands\Server\rewrite.php(43): require_once('C:\\xampp\\htdocs...')
#9 {main}
CRITICAL - 2022-06-20 08:27:46 --> Call to undefined function form_open()
#0 C:\xampp\htdocs\konoha_ci4\system\View\View.php(210): include()
#1 C:\xampp\htdocs\konoha_ci4\system\View\View.php(213): CodeIgniter\View\View->CodeIgniter\View\{closure}()
#2 C:\xampp\htdocs\konoha_ci4\system\Common.php(1089): CodeIgniter\View\View->render('pages/contact', Array, true)
#3 C:\xampp\htdocs\konoha_ci4\app\Controllers\pages.php(22): view('pages/contact', Array)
#4 C:\xampp\htdocs\konoha_ci4\system\CodeIgniter.php(825): App\Controllers\pages->contact()
#5 C:\xampp\htdocs\konoha_ci4\system\CodeIgniter.php(412): CodeIgniter\CodeIgniter->runController(Object(App\Controllers\pages))
#6 C:\xampp\htdocs\konoha_ci4\system\CodeIgniter.php(320): CodeIgniter\CodeIgniter->handleRequest(NULL, Object(Config\Cache), false)
#7 C:\xampp\htdocs\konoha_ci4\public\index.php(37): CodeIgniter\CodeIgniter->run()
#8 C:\xampp\htdocs\konoha_ci4\system\Commands\Server\rewrite.php(43): require_once('C:\\xampp\\htdocs...')
#9 {main}
CRITICAL - 2022-06-20 08:27:47 --> Call to undefined function form_open()
#0 C:\xampp\htdocs\konoha_ci4\system\View\View.php(210): include()
#1 C:\xampp\htdocs\konoha_ci4\system\View\View.php(213): CodeIgniter\View\View->CodeIgniter\View\{closure}()
#2 C:\xampp\htdocs\konoha_ci4\system\Common.php(1089): CodeIgniter\View\View->render('pages/contact', Array, true)
#3 C:\xampp\htdocs\konoha_ci4\app\Controllers\pages.php(22): view('pages/contact', Array)
#4 C:\xampp\htdocs\konoha_ci4\system\CodeIgniter.php(825): App\Controllers\pages->contact()
#5 C:\xampp\htdocs\konoha_ci4\system\CodeIgniter.php(412): CodeIgniter\CodeIgniter->runController(Object(App\Controllers\pages))
#6 C:\xampp\htdocs\konoha_ci4\system\CodeIgniter.php(320): CodeIgniter\CodeIgniter->handleRequest(NULL, Object(Config\Cache), false)
#7 C:\xampp\htdocs\konoha_ci4\public\index.php(37): CodeIgniter\CodeIgniter->run()
#8 C:\xampp\htdocs\konoha_ci4\system\Commands\Server\rewrite.php(43): require_once('C:\\xampp\\htdocs...')
#9 {main}
