CRITICAL - 2022-06-18 17:10:41 --> mail(): Failed to connect to mailserver at &quot;localhost&quot; port 25, verify your &quot;SMTP&quot; and &quot;smtp_port&quot; setting in php.ini or use ini_set()
#0 [internal function]: CodeIgniter\Debug\Exceptions->errorHandler(2, 'mail(): Failed ...', 'C:\\xampp\\htdocs...', 48)
#1 C:\xampp\htdocs\konoha_ci4\app\Views\pages\contact.php(48): mail('email@namadomai...', 'Pesan website d...', '<h2> via Form K...', 'MIME-Version: 1...')
#2 C:\xampp\htdocs\konoha_ci4\system\View\View.php(210): include('C:\\xampp\\htdocs...')
#3 C:\xampp\htdocs\konoha_ci4\system\View\View.php(213): CodeIgniter\View\View->CodeIgniter\View\{closure}()
#4 C:\xampp\htdocs\konoha_ci4\system\Common.php(1089): CodeIgniter\View\View->render('pages/contact', Array, true)
#5 C:\xampp\htdocs\konoha_ci4\app\Controllers\pages.php(22): view('pages/contact', Array)
#6 C:\xampp\htdocs\konoha_ci4\system\CodeIgniter.php(825): App\Controllers\pages->contact()
#7 C:\xampp\htdocs\konoha_ci4\system\CodeIgniter.php(412): CodeIgniter\CodeIgniter->runController(Object(App\Controllers\pages))
#8 C:\xampp\htdocs\konoha_ci4\system\CodeIgniter.php(320): CodeIgniter\CodeIgniter->handleRequest(NULL, Object(Config\Cache), false)
#9 C:\xampp\htdocs\konoha_ci4\public\index.php(37): CodeIgniter\CodeIgniter->run()
#10 C:\xampp\htdocs\konoha_ci4\system\Commands\Server\rewrite.php(43): require_once('C:\\xampp\\htdocs...')
#11 {main}
CRITICAL - 2022-06-18 17:13:03 --> mail(): Failed to connect to mailserver at &quot;localhost&quot; port 25, verify your &quot;SMTP&quot; and &quot;smtp_port&quot; setting in php.ini or use ini_set()
#0 [internal function]: CodeIgniter\Debug\Exceptions->errorHandler(2, 'mail(): Failed ...', 'C:\\xampp\\htdocs...', 48)
#1 C:\xampp\htdocs\konoha_ci4\app\Views\pages\contact.php(48): mail('yogabramasta010...', 'Pesan website d...', '<h2> via Form K...', 'MIME-Version: 1...')
#2 C:\xampp\htdocs\konoha_ci4\system\View\View.php(210): include('C:\\xampp\\htdocs...')
#3 C:\xampp\htdocs\konoha_ci4\system\View\View.php(213): CodeIgniter\View\View->CodeIgniter\View\{closure}()
#4 C:\xampp\htdocs\konoha_ci4\system\Common.php(1089): CodeIgniter\View\View->render('pages/contact', Array, true)
#5 C:\xampp\htdocs\konoha_ci4\app\Controllers\pages.php(22): view('pages/contact', Array)
#6 C:\xampp\htdocs\konoha_ci4\system\CodeIgniter.php(825): App\Controllers\pages->contact()
#7 C:\xampp\htdocs\konoha_ci4\system\CodeIgniter.php(412): CodeIgniter\CodeIgniter->runController(Object(App\Controllers\pages))
#8 C:\xampp\htdocs\konoha_ci4\system\CodeIgniter.php(320): CodeIgniter\CodeIgniter->handleRequest(NULL, Object(Config\Cache), false)
#9 C:\xampp\htdocs\konoha_ci4\public\index.php(37): CodeIgniter\CodeIgniter->run()
#10 C:\xampp\htdocs\konoha_ci4\system\Commands\Server\rewrite.php(43): require_once('C:\\xampp\\htdocs...')
#11 {main}
CRITICAL - 2022-06-18 17:19:23 --> syntax error, unexpected token ")"
#0 C:\xampp\htdocs\konoha_ci4\system\View\View.php(213): CodeIgniter\View\View->CodeIgniter\View\{closure}()
#1 C:\xampp\htdocs\konoha_ci4\system\Common.php(1089): CodeIgniter\View\View->render('pages/contact', Array, true)
#2 C:\xampp\htdocs\konoha_ci4\app\Controllers\pages.php(22): view('pages/contact', Array)
#3 C:\xampp\htdocs\konoha_ci4\system\CodeIgniter.php(825): App\Controllers\pages->contact()
#4 C:\xampp\htdocs\konoha_ci4\system\CodeIgniter.php(412): CodeIgniter\CodeIgniter->runController(Object(App\Controllers\pages))
#5 C:\xampp\htdocs\konoha_ci4\system\CodeIgniter.php(320): CodeIgniter\CodeIgniter->handleRequest(NULL, Object(Config\Cache), false)
#6 C:\xampp\htdocs\konoha_ci4\public\index.php(37): CodeIgniter\CodeIgniter->run()
#7 C:\xampp\htdocs\konoha_ci4\system\Commands\Server\rewrite.php(43): require_once('C:\\xampp\\htdocs...')
#8 {main}
CRITICAL - 2022-06-18 17:19:28 --> syntax error, unexpected token ")"
#0 C:\xampp\htdocs\konoha_ci4\system\View\View.php(213): CodeIgniter\View\View->CodeIgniter\View\{closure}()
#1 C:\xampp\htdocs\konoha_ci4\system\Common.php(1089): CodeIgniter\View\View->render('pages/contact', Array, true)
#2 C:\xampp\htdocs\konoha_ci4\app\Controllers\pages.php(22): view('pages/contact', Array)
#3 C:\xampp\htdocs\konoha_ci4\system\CodeIgniter.php(825): App\Controllers\pages->contact()
#4 C:\xampp\htdocs\konoha_ci4\system\CodeIgniter.php(412): CodeIgniter\CodeIgniter->runController(Object(App\Controllers\pages))
#5 C:\xampp\htdocs\konoha_ci4\system\CodeIgniter.php(320): CodeIgniter\CodeIgniter->handleRequest(NULL, Object(Config\Cache), false)
#6 C:\xampp\htdocs\konoha_ci4\public\index.php(37): CodeIgniter\CodeIgniter->run()
#7 C:\xampp\htdocs\konoha_ci4\system\Commands\Server\rewrite.php(43): require_once('C:\\xampp\\htdocs...')
#8 {main}
CRITICAL - 2022-06-18 17:33:32 --> Undefined array key "nama"
#0 C:\xampp\htdocs\konoha_ci4\app\Views\pages\contact.php(14): CodeIgniter\Debug\Exceptions->errorHandler(2, 'Undefined array...', 'C:\\xampp\\htdocs...', 14)
#1 C:\xampp\htdocs\konoha_ci4\system\View\View.php(210): include('C:\\xampp\\htdocs...')
#2 C:\xampp\htdocs\konoha_ci4\system\View\View.php(213): CodeIgniter\View\View->CodeIgniter\View\{closure}()
#3 C:\xampp\htdocs\konoha_ci4\system\Common.php(1089): CodeIgniter\View\View->render('pages/contact', Array, true)
#4 C:\xampp\htdocs\konoha_ci4\app\Controllers\pages.php(22): view('pages/contact', Array)
#5 C:\xampp\htdocs\konoha_ci4\system\CodeIgniter.php(825): App\Controllers\pages->contact()
#6 C:\xampp\htdocs\konoha_ci4\system\CodeIgniter.php(412): CodeIgniter\CodeIgniter->runController(Object(App\Controllers\pages))
#7 C:\xampp\htdocs\konoha_ci4\system\CodeIgniter.php(320): CodeIgniter\CodeIgniter->handleRequest(NULL, Object(Config\Cache), false)
#8 C:\xampp\htdocs\konoha_ci4\public\index.php(37): CodeIgniter\CodeIgniter->run()
#9 C:\xampp\htdocs\konoha_ci4\system\Commands\Server\rewrite.php(43): require_once('C:\\xampp\\htdocs...')
#10 {main}
CRITICAL - 2022-06-18 17:33:37 --> Undefined array key "nama"
#0 C:\xampp\htdocs\konoha_ci4\app\Views\pages\contact.php(14): CodeIgniter\Debug\Exceptions->errorHandler(2, 'Undefined array...', 'C:\\xampp\\htdocs...', 14)
#1 C:\xampp\htdocs\konoha_ci4\system\View\View.php(210): include('C:\\xampp\\htdocs...')
#2 C:\xampp\htdocs\konoha_ci4\system\View\View.php(213): CodeIgniter\View\View->CodeIgniter\View\{closure}()
#3 C:\xampp\htdocs\konoha_ci4\system\Common.php(1089): CodeIgniter\View\View->render('pages/contact', Array, true)
#4 C:\xampp\htdocs\konoha_ci4\app\Controllers\pages.php(22): view('pages/contact', Array)
#5 C:\xampp\htdocs\konoha_ci4\system\CodeIgniter.php(825): App\Controllers\pages->contact()
#6 C:\xampp\htdocs\konoha_ci4\system\CodeIgniter.php(412): CodeIgniter\CodeIgniter->runController(Object(App\Controllers\pages))
#7 C:\xampp\htdocs\konoha_ci4\system\CodeIgniter.php(320): CodeIgniter\CodeIgniter->handleRequest(NULL, Object(Config\Cache), false)
#8 C:\xampp\htdocs\konoha_ci4\public\index.php(37): CodeIgniter\CodeIgniter->run()
#9 C:\xampp\htdocs\konoha_ci4\system\Commands\Server\rewrite.php(43): require_once('C:\\xampp\\htdocs...')
#10 {main}
CRITICAL - 2022-06-18 17:34:40 --> Undefined array key "nama"
#0 C:\xampp\htdocs\konoha_ci4\app\Views\pages\contact.php(14): CodeIgniter\Debug\Exceptions->errorHandler(2, 'Undefined array...', 'C:\\xampp\\htdocs...', 14)
#1 C:\xampp\htdocs\konoha_ci4\system\View\View.php(210): include('C:\\xampp\\htdocs...')
#2 C:\xampp\htdocs\konoha_ci4\system\View\View.php(213): CodeIgniter\View\View->CodeIgniter\View\{closure}()
#3 C:\xampp\htdocs\konoha_ci4\system\Common.php(1089): CodeIgniter\View\View->render('pages/contact', Array, true)
#4 C:\xampp\htdocs\konoha_ci4\app\Controllers\pages.php(22): view('pages/contact', Array)
#5 C:\xampp\htdocs\konoha_ci4\system\CodeIgniter.php(825): App\Controllers\pages->contact()
#6 C:\xampp\htdocs\konoha_ci4\system\CodeIgniter.php(412): CodeIgniter\CodeIgniter->runController(Object(App\Controllers\pages))
#7 C:\xampp\htdocs\konoha_ci4\system\CodeIgniter.php(320): CodeIgniter\CodeIgniter->handleRequest(NULL, Object(Config\Cache), false)
#8 C:\xampp\htdocs\konoha_ci4\public\index.php(37): CodeIgniter\CodeIgniter->run()
#9 C:\xampp\htdocs\konoha_ci4\system\Commands\Server\rewrite.php(43): require_once('C:\\xampp\\htdocs...')
#10 {main}
CRITICAL - 2022-06-18 17:35:08 --> Undefined array key "nama"
#0 C:\xampp\htdocs\konoha_ci4\app\Views\pages\contact.php(14): CodeIgniter\Debug\Exceptions->errorHandler(2, 'Undefined array...', 'C:\\xampp\\htdocs...', 14)
#1 C:\xampp\htdocs\konoha_ci4\system\View\View.php(210): include('C:\\xampp\\htdocs...')
#2 C:\xampp\htdocs\konoha_ci4\system\View\View.php(213): CodeIgniter\View\View->CodeIgniter\View\{closure}()
#3 C:\xampp\htdocs\konoha_ci4\system\Common.php(1089): CodeIgniter\View\View->render('pages/contact', Array, true)
#4 C:\xampp\htdocs\konoha_ci4\app\Controllers\pages.php(22): view('pages/contact', Array)
#5 C:\xampp\htdocs\konoha_ci4\system\CodeIgniter.php(825): App\Controllers\pages->contact()
#6 C:\xampp\htdocs\konoha_ci4\system\CodeIgniter.php(412): CodeIgniter\CodeIgniter->runController(Object(App\Controllers\pages))
#7 C:\xampp\htdocs\konoha_ci4\system\CodeIgniter.php(320): CodeIgniter\CodeIgniter->handleRequest(NULL, Object(Config\Cache), false)
#8 C:\xampp\htdocs\konoha_ci4\public\index.php(37): CodeIgniter\CodeIgniter->run()
#9 C:\xampp\htdocs\konoha_ci4\system\Commands\Server\rewrite.php(43): require_once('C:\\xampp\\htdocs...')
#10 {main}
CRITICAL - 2022-06-18 17:35:09 --> Undefined array key "nama"
#0 C:\xampp\htdocs\konoha_ci4\app\Views\pages\contact.php(14): CodeIgniter\Debug\Exceptions->errorHandler(2, 'Undefined array...', 'C:\\xampp\\htdocs...', 14)
#1 C:\xampp\htdocs\konoha_ci4\system\View\View.php(210): include('C:\\xampp\\htdocs...')
#2 C:\xampp\htdocs\konoha_ci4\system\View\View.php(213): CodeIgniter\View\View->CodeIgniter\View\{closure}()
#3 C:\xampp\htdocs\konoha_ci4\system\Common.php(1089): CodeIgniter\View\View->render('pages/contact', Array, true)
#4 C:\xampp\htdocs\konoha_ci4\app\Controllers\pages.php(22): view('pages/contact', Array)
#5 C:\xampp\htdocs\konoha_ci4\system\CodeIgniter.php(825): App\Controllers\pages->contact()
#6 C:\xampp\htdocs\konoha_ci4\system\CodeIgniter.php(412): CodeIgniter\CodeIgniter->runController(Object(App\Controllers\pages))
#7 C:\xampp\htdocs\konoha_ci4\system\CodeIgniter.php(320): CodeIgniter\CodeIgniter->handleRequest(NULL, Object(Config\Cache), false)
#8 C:\xampp\htdocs\konoha_ci4\public\index.php(37): CodeIgniter\CodeIgniter->run()
#9 C:\xampp\htdocs\konoha_ci4\system\Commands\Server\rewrite.php(43): require_once('C:\\xampp\\htdocs...')
#10 {main}
CRITICAL - 2022-06-18 17:35:10 --> Undefined array key "nama"
#0 C:\xampp\htdocs\konoha_ci4\app\Views\pages\contact.php(14): CodeIgniter\Debug\Exceptions->errorHandler(2, 'Undefined array...', 'C:\\xampp\\htdocs...', 14)
#1 C:\xampp\htdocs\konoha_ci4\system\View\View.php(210): include('C:\\xampp\\htdocs...')
#2 C:\xampp\htdocs\konoha_ci4\system\View\View.php(213): CodeIgniter\View\View->CodeIgniter\View\{closure}()
#3 C:\xampp\htdocs\konoha_ci4\system\Common.php(1089): CodeIgniter\View\View->render('pages/contact', Array, true)
#4 C:\xampp\htdocs\konoha_ci4\app\Controllers\pages.php(22): view('pages/contact', Array)
#5 C:\xampp\htdocs\konoha_ci4\system\CodeIgniter.php(825): App\Controllers\pages->contact()
#6 C:\xampp\htdocs\konoha_ci4\system\CodeIgniter.php(412): CodeIgniter\CodeIgniter->runController(Object(App\Controllers\pages))
#7 C:\xampp\htdocs\konoha_ci4\system\CodeIgniter.php(320): CodeIgniter\CodeIgniter->handleRequest(NULL, Object(Config\Cache), false)
#8 C:\xampp\htdocs\konoha_ci4\public\index.php(37): CodeIgniter\CodeIgniter->run()
#9 C:\xampp\htdocs\konoha_ci4\system\Commands\Server\rewrite.php(43): require_once('C:\\xampp\\htdocs...')
#10 {main}
CRITICAL - 2022-06-18 17:35:10 --> Undefined array key "nama"
#0 C:\xampp\htdocs\konoha_ci4\app\Views\pages\contact.php(14): CodeIgniter\Debug\Exceptions->errorHandler(2, 'Undefined array...', 'C:\\xampp\\htdocs...', 14)
#1 C:\xampp\htdocs\konoha_ci4\system\View\View.php(210): include('C:\\xampp\\htdocs...')
#2 C:\xampp\htdocs\konoha_ci4\system\View\View.php(213): CodeIgniter\View\View->CodeIgniter\View\{closure}()
#3 C:\xampp\htdocs\konoha_ci4\system\Common.php(1089): CodeIgniter\View\View->render('pages/contact', Array, true)
#4 C:\xampp\htdocs\konoha_ci4\app\Controllers\pages.php(22): view('pages/contact', Array)
#5 C:\xampp\htdocs\konoha_ci4\system\CodeIgniter.php(825): App\Controllers\pages->contact()
#6 C:\xampp\htdocs\konoha_ci4\system\CodeIgniter.php(412): CodeIgniter\CodeIgniter->runController(Object(App\Controllers\pages))
#7 C:\xampp\htdocs\konoha_ci4\system\CodeIgniter.php(320): CodeIgniter\CodeIgniter->handleRequest(NULL, Object(Config\Cache), false)
#8 C:\xampp\htdocs\konoha_ci4\public\index.php(37): CodeIgniter\CodeIgniter->run()
#9 C:\xampp\htdocs\konoha_ci4\system\Commands\Server\rewrite.php(43): require_once('C:\\xampp\\htdocs...')
#10 {main}
CRITICAL - 2022-06-18 17:35:10 --> Undefined array key "nama"
#0 C:\xampp\htdocs\konoha_ci4\app\Views\pages\contact.php(14): CodeIgniter\Debug\Exceptions->errorHandler(2, 'Undefined array...', 'C:\\xampp\\htdocs...', 14)
#1 C:\xampp\htdocs\konoha_ci4\system\View\View.php(210): include('C:\\xampp\\htdocs...')
#2 C:\xampp\htdocs\konoha_ci4\system\View\View.php(213): CodeIgniter\View\View->CodeIgniter\View\{closure}()
#3 C:\xampp\htdocs\konoha_ci4\system\Common.php(1089): CodeIgniter\View\View->render('pages/contact', Array, true)
#4 C:\xampp\htdocs\konoha_ci4\app\Controllers\pages.php(22): view('pages/contact', Array)
#5 C:\xampp\htdocs\konoha_ci4\system\CodeIgniter.php(825): App\Controllers\pages->contact()
#6 C:\xampp\htdocs\konoha_ci4\system\CodeIgniter.php(412): CodeIgniter\CodeIgniter->runController(Object(App\Controllers\pages))
#7 C:\xampp\htdocs\konoha_ci4\system\CodeIgniter.php(320): CodeIgniter\CodeIgniter->handleRequest(NULL, Object(Config\Cache), false)
#8 C:\xampp\htdocs\konoha_ci4\public\index.php(37): CodeIgniter\CodeIgniter->run()
#9 C:\xampp\htdocs\konoha_ci4\system\Commands\Server\rewrite.php(43): require_once('C:\\xampp\\htdocs...')
#10 {main}
CRITICAL - 2022-06-18 17:35:11 --> Undefined array key "nama"
#0 C:\xampp\htdocs\konoha_ci4\app\Views\pages\contact.php(14): CodeIgniter\Debug\Exceptions->errorHandler(2, 'Undefined array...', 'C:\\xampp\\htdocs...', 14)
#1 C:\xampp\htdocs\konoha_ci4\system\View\View.php(210): include('C:\\xampp\\htdocs...')
#2 C:\xampp\htdocs\konoha_ci4\system\View\View.php(213): CodeIgniter\View\View->CodeIgniter\View\{closure}()
#3 C:\xampp\htdocs\konoha_ci4\system\Common.php(1089): CodeIgniter\View\View->render('pages/contact', Array, true)
#4 C:\xampp\htdocs\konoha_ci4\app\Controllers\pages.php(22): view('pages/contact', Array)
#5 C:\xampp\htdocs\konoha_ci4\system\CodeIgniter.php(825): App\Controllers\pages->contact()
#6 C:\xampp\htdocs\konoha_ci4\system\CodeIgniter.php(412): CodeIgniter\CodeIgniter->runController(Object(App\Controllers\pages))
#7 C:\xampp\htdocs\konoha_ci4\system\CodeIgniter.php(320): CodeIgniter\CodeIgniter->handleRequest(NULL, Object(Config\Cache), false)
#8 C:\xampp\htdocs\konoha_ci4\public\index.php(37): CodeIgniter\CodeIgniter->run()
#9 C:\xampp\htdocs\konoha_ci4\system\Commands\Server\rewrite.php(43): require_once('C:\\xampp\\htdocs...')
#10 {main}
CRITICAL - 2022-06-18 17:35:11 --> Undefined array key "nama"
#0 C:\xampp\htdocs\konoha_ci4\app\Views\pages\contact.php(14): CodeIgniter\Debug\Exceptions->errorHandler(2, 'Undefined array...', 'C:\\xampp\\htdocs...', 14)
#1 C:\xampp\htdocs\konoha_ci4\system\View\View.php(210): include('C:\\xampp\\htdocs...')
#2 C:\xampp\htdocs\konoha_ci4\system\View\View.php(213): CodeIgniter\View\View->CodeIgniter\View\{closure}()
#3 C:\xampp\htdocs\konoha_ci4\system\Common.php(1089): CodeIgniter\View\View->render('pages/contact', Array, true)
#4 C:\xampp\htdocs\konoha_ci4\app\Controllers\pages.php(22): view('pages/contact', Array)
#5 C:\xampp\htdocs\konoha_ci4\system\CodeIgniter.php(825): App\Controllers\pages->contact()
#6 C:\xampp\htdocs\konoha_ci4\system\CodeIgniter.php(412): CodeIgniter\CodeIgniter->runController(Object(App\Controllers\pages))
#7 C:\xampp\htdocs\konoha_ci4\system\CodeIgniter.php(320): CodeIgniter\CodeIgniter->handleRequest(NULL, Object(Config\Cache), false)
#8 C:\xampp\htdocs\konoha_ci4\public\index.php(37): CodeIgniter\CodeIgniter->run()
#9 C:\xampp\htdocs\konoha_ci4\system\Commands\Server\rewrite.php(43): require_once('C:\\xampp\\htdocs...')
#10 {main}
CRITICAL - 2022-06-18 17:35:11 --> Undefined array key "nama"
#0 C:\xampp\htdocs\konoha_ci4\app\Views\pages\contact.php(14): CodeIgniter\Debug\Exceptions->errorHandler(2, 'Undefined array...', 'C:\\xampp\\htdocs...', 14)
#1 C:\xampp\htdocs\konoha_ci4\system\View\View.php(210): include('C:\\xampp\\htdocs...')
#2 C:\xampp\htdocs\konoha_ci4\system\View\View.php(213): CodeIgniter\View\View->CodeIgniter\View\{closure}()
#3 C:\xampp\htdocs\konoha_ci4\system\Common.php(1089): CodeIgniter\View\View->render('pages/contact', Array, true)
#4 C:\xampp\htdocs\konoha_ci4\app\Controllers\pages.php(22): view('pages/contact', Array)
#5 C:\xampp\htdocs\konoha_ci4\system\CodeIgniter.php(825): App\Controllers\pages->contact()
#6 C:\xampp\htdocs\konoha_ci4\system\CodeIgniter.php(412): CodeIgniter\CodeIgniter->runController(Object(App\Controllers\pages))
#7 C:\xampp\htdocs\konoha_ci4\system\CodeIgniter.php(320): CodeIgniter\CodeIgniter->handleRequest(NULL, Object(Config\Cache), false)
#8 C:\xampp\htdocs\konoha_ci4\public\index.php(37): CodeIgniter\CodeIgniter->run()
#9 C:\xampp\htdocs\konoha_ci4\system\Commands\Server\rewrite.php(43): require_once('C:\\xampp\\htdocs...')
#10 {main}
CRITICAL - 2022-06-18 17:40:22 --> mail(): Failed to connect to mailserver at &quot;localhost&quot; port 25, verify your &quot;SMTP&quot; and &quot;smtp_port&quot; setting in php.ini or use ini_set()
#0 [internal function]: CodeIgniter\Debug\Exceptions->errorHandler(2, 'mail(): Failed ...', 'C:\\xampp\\htdocs...', 47)
#1 C:\xampp\htdocs\konoha_ci4\app\Views\pages\contact.php(47): mail('yogabramasta010...', 'Pesan website d...', '<h2> via Form K...', 'MIME-Version: 1...')
#2 C:\xampp\htdocs\konoha_ci4\system\View\View.php(210): include('C:\\xampp\\htdocs...')
#3 C:\xampp\htdocs\konoha_ci4\system\View\View.php(213): CodeIgniter\View\View->CodeIgniter\View\{closure}()
#4 C:\xampp\htdocs\konoha_ci4\system\Common.php(1089): CodeIgniter\View\View->render('pages/contact', Array, true)
#5 C:\xampp\htdocs\konoha_ci4\app\Controllers\pages.php(22): view('pages/contact', Array)
#6 C:\xampp\htdocs\konoha_ci4\system\CodeIgniter.php(825): App\Controllers\pages->contact()
#7 C:\xampp\htdocs\konoha_ci4\system\CodeIgniter.php(412): CodeIgniter\CodeIgniter->runController(Object(App\Controllers\pages))
#8 C:\xampp\htdocs\konoha_ci4\system\CodeIgniter.php(320): CodeIgniter\CodeIgniter->handleRequest(NULL, Object(Config\Cache), false)
#9 C:\xampp\htdocs\konoha_ci4\public\index.php(37): CodeIgniter\CodeIgniter->run()
#10 C:\xampp\htdocs\konoha_ci4\system\Commands\Server\rewrite.php(43): require_once('C:\\xampp\\htdocs...')
#11 {main}
CRITICAL - 2022-06-18 17:40:33 --> mail(): Failed to connect to mailserver at &quot;localhost&quot; port 25, verify your &quot;SMTP&quot; and &quot;smtp_port&quot; setting in php.ini or use ini_set()
#0 [internal function]: CodeIgniter\Debug\Exceptions->errorHandler(2, 'mail(): Failed ...', 'C:\\xampp\\htdocs...', 47)
#1 C:\xampp\htdocs\konoha_ci4\app\Views\pages\contact.php(47): mail('yogabramasta010...', 'Pesan website d...', '<h2> via Form K...', 'MIME-Version: 1...')
#2 C:\xampp\htdocs\konoha_ci4\system\View\View.php(210): include('C:\\xampp\\htdocs...')
#3 C:\xampp\htdocs\konoha_ci4\system\View\View.php(213): CodeIgniter\View\View->CodeIgniter\View\{closure}()
#4 C:\xampp\htdocs\konoha_ci4\system\Common.php(1089): CodeIgniter\View\View->render('pages/contact', Array, true)
#5 C:\xampp\htdocs\konoha_ci4\app\Controllers\pages.php(22): view('pages/contact', Array)
#6 C:\xampp\htdocs\konoha_ci4\system\CodeIgniter.php(825): App\Controllers\pages->contact()
#7 C:\xampp\htdocs\konoha_ci4\system\CodeIgniter.php(412): CodeIgniter\CodeIgniter->runController(Object(App\Controllers\pages))
#8 C:\xampp\htdocs\konoha_ci4\system\CodeIgniter.php(320): CodeIgniter\CodeIgniter->handleRequest(NULL, Object(Config\Cache), false)
#9 C:\xampp\htdocs\konoha_ci4\public\index.php(37): CodeIgniter\CodeIgniter->run()
#10 C:\xampp\htdocs\konoha_ci4\system\Commands\Server\rewrite.php(43): require_once('C:\\xampp\\htdocs...')
#11 {main}
